Source.obj : error LNK2019: símbolo externo InitWindow sin resolver al que se hace referencia en la función main
Source.obj : error LNK2019: símbolo externo WindowShouldClose sin resolver al que se hace referencia en la función main
Source.obj : error LNK2019: símbolo externo ClearBackground sin resolver al que se hace referencia en la función main
Source.obj : error LNK2019: símbolo externo BeginDrawing sin resolver al que se hace referencia en la función main
Source.obj : error LNK2019: símbolo externo EndDrawing sin resolver al que se hace referencia en la función main
Source.obj : error LNK2019: símbolo externo SetTargetFPS sin resolver al que se hace referencia en la función main
Source.obj : error LNK2019: símbolo externo GetRandomValue sin resolver al que se hace referencia en la función main
Source.obj : error LNK2019: símbolo externo IsKeyPressed sin resolver al que se hace referencia en la función main
Source.obj : error LNK2019: símbolo externo IsKeyDown sin resolver al que se hace referencia en la función main
Source.obj : error LNK2019: símbolo externo IsMouseButtonPressed sin resolver al que se hace referencia en la función main
Source.obj : error LNK2019: símbolo externo GetMousePosition sin resolver al que se hace referencia en la función main
Source.obj : error LNK2019: símbolo externo DrawCircleV sin resolver al que se hace referencia en la función main
Source.obj : error LNK2019: símbolo externo DrawRectangle sin resolver al que se hace referencia en la función main
Source.obj : error LNK2019: símbolo externo DrawRectangleV sin resolver al que se hace referencia en la función main
Source.obj : error LNK2019: símbolo externo DrawTriangle sin resolver al que se hace referencia en la función main
Source.obj : error LNK2019: símbolo externo CheckCollisionCircleRec sin resolver al que se hace referencia en la función main
Source.obj : error LNK2019: símbolo externo DrawText sin resolver al que se hace referencia en la función main
Source.obj : error LNK2019: símbolo externo TextFormat sin resolver al que se hace referencia en la función main
C:\Users\Administrador\Desktop\Pong-RayLib-\Pong\lib\lib\raylib.lib : warning LNK4272: el tipo de máquina de biblioteca 'x86' está en conflicto con el tipo de máquina de destino 'x64'
C:\Users\Administrador\Desktop\Pong-RayLib-\Pong\bin\Project1.exe : fatal error LNK1120: 18 externos sin resolver
